Using pre-set license
Built from '2021.1/staging' branch; Version is '2021.1.3f1 (4bef613afd59) revision 4976481'; Using compiler version '192528614'; Build Type 'Release'
OS: 'Windows 10 Home; OS build 19042.928; Version 2009; 64bit' Language: 'ru' Physical Memory: 16316 MB
BatchMode: 1, IsHumanControllingUs: 0, StartBugReporterOnCrash: 0, Is64bit: 1, IsPro: 0

 COMMAND LINE ARGUMENTS:
C:\Program Files\Unity\Hub\Editor\2021.1.3f1\Editor\Unity.exe
-adb2
-batchMode
-noUpm
-name
AssetImportWorker0
-projectPath
E:/unity_chanel/car_riding/car driving
-logFile
Logs/AssetImportWorker0.log
-srvPort
64256
Successfully changed project path to: E:/unity_chanel/car_riding/car driving
E:/unity_chanel/car_riding/car driving
Using Asset Import Pipeline V2.
Refreshing native plugins compatible for Editor in 98.89 ms, found 1 plugins.
Preloading 0 native plugins for Editor in 0.00 ms.
Initialize engine version: 2021.1.3f1 (4bef613afd59)
[Subsystems] Discovering subsystems at path C:/Program Files/Unity/Hub/Editor/2021.1.3f1/Editor/Data/Resources/UnitySubsystems
[Subsystems] Discovering subsystems at path E:/unity_chanel/car_riding/car driving/Assets
GfxDevice: creating device client; threaded=0; jobified=0
Direct3D:
    Version:  Direct3D 11.0 [level 11.1]
    Renderer: NVIDIA GeForce GTX 1050 (ID=0x1c81)
    Vendor:   NVIDIA
    VRAM:     1977 MB
    Driver:   27.21.14.5671
Initialize mono
Mono path[0] = 'C:/Program Files/Unity/Hub/Editor/2021.1.3f1/Editor/Data/Managed'
Mono path[1] = 'C:/Program Files/Unity/Hub/Editor/2021.1.3f1/Editor/Data/MonoBleedingEdge/lib/mono/unityjit'
Mono config path = 'C:/Program Files/Unity/Hub/Editor/2021.1.3f1/Editor/Data/MonoBleedingEdge/etc'
Using monoOptions --debugger-agent=transport=dt_socket,embedding=1,server=y,suspend=n,address=127.0.0.1:56224
Begin MonoManager ReloadAssembly
Registering precompiled unity dll's ...
Register platform support module: C:/Program Files/Unity/Hub/Editor/2021.1.3f1/Editor/Data/PlaybackEngines/WindowsStandaloneSupport/UnityEditor.WindowsStandalone.Extensions.dll
Registered in 0.002704 seconds.
Native extension for WindowsStandalone target not found
Refreshing native plugins compatible for Editor in 82.42 ms, found 1 plugins.
Preloading 0 native plugins for Editor in 0.00 ms.
Mono: successfully reloaded assembly
- Completed reload, in  1.618 seconds
Platform modules already initialized, skipping
Registering precompiled user dll's ...
Registered in 0.002633 seconds.
Begin MonoManager ReloadAssembly
Native extension for WindowsStandalone target not found
Refreshing native plugins compatible for Editor in 0.55 ms, found 1 plugins.
Preloading 0 native plugins for Editor in 0.00 ms.
Mono: successfully reloaded assembly
- Completed reload, in  1.525 seconds
Platform modules already initialized, skipping
========================================================================
Worker process is ready to serve import requests
Launched and connected shader compiler UnityShaderCompiler.exe after 0.06 seconds
Refreshing native plugins compatible for Editor in 0.70 ms, found 1 plugins.
Preloading 0 native plugins for Editor in 0.00 ms.
Unloading 2665 Unused Serialized files (Serialized files now loaded: 0)
System memory in use before: 98.1 MB.
System memory in use after: 98.3 MB.

Unloading 15 unused Assets to reduce memory usage. Loaded Objects now: 3117.
Total: 2.832100 ms (FindLiveObjects: 0.355900 ms CreateObjectMapping: 0.082500 ms MarkObjects: 2.304900 ms  DeleteObjects: 0.087400 ms)

========================================================================
Received Import Request.
  path: Assets/low poly car station wagon.blend
  artifactKey: Guid(47803d2d9762f644f8c0089336d9d8a4) Importer(815301076,1909f56bfc062723c751e8b465ee728b)
Start importing Assets/low poly car station wagon.blend using Guid(47803d2d9762f644f8c0089336d9d8a4) Importer(815301076,1909f56bfc062723c751e8b465ee728b)  -> (artifact id: '6fc9c5d506e9a4a559852f1f16de48a8') in 0.458624 seconds 
========================================================================
Received Import Request.
  Time since last request: 168.572616 seconds.
  path: Assets/low poly car station wagon.blend
  artifactKey: Guid(47803d2d9762f644f8c0089336d9d8a4) Importer(815301076,1909f56bfc062723c751e8b465ee728b)
Start importing Assets/low poly car station wagon.blend using Guid(47803d2d9762f644f8c0089336d9d8a4) Importer(815301076,1909f56bfc062723c751e8b465ee728b)  -> (artifact id: '3b22dc35cb443dfd4c1e4014c535ee1a') in 0.058873 seconds 
========================================================================
Received Import Request.
  Time since last request: 1206.818602 seconds.
  path: Assets/low poly car station wagon.blend
  artifactKey: Guid(47803d2d9762f644f8c0089336d9d8a4) Importer(815301076,1909f56bfc062723c751e8b465ee728b)
Start importing Assets/low poly car station wagon.blend using Guid(47803d2d9762f644f8c0089336d9d8a4) Importer(815301076,1909f56bfc062723c751e8b465ee728b)  -> (artifact id: '2f4417dab4c0c847863fb038f9824d5b') in 0.097359 seconds 
========================================================================
Received Import Request.
  Time since last request: 562.826970 seconds.
  path: Assets/low poly car station wagon.blend
  artifactKey: Guid(47803d2d9762f644f8c0089336d9d8a4) Importer(815301076,1909f56bfc062723c751e8b465ee728b)
Start importing Assets/low poly car station wagon.blend using Guid(47803d2d9762f644f8c0089336d9d8a4) Importer(815301076,1909f56bfc062723c751e8b465ee728b)  -> (artifact id: 'c8108e6ddf5c6e4c818523fcf0fd5b07') in 0.095556 seconds 
